<?xml version="1.0" encoding="UTF-8"?>
<!-- Generated by org.testng.reporters.JUnitReportReporter -->
<testsuite hostname="DESKTOP-75VEL8U" failures="0" tests="1" name="org.Assertions.TitleURLEx" time="5.968" errors="0" timestamp="2024-01-13T02:39:10 IST" skipped="0">
  <testcase classname="org.Assertions.TitleURLEx" name="verifyDashboardTitleURL" time="5.968"/>
  <system-out>
    <![CDATA[Launched Chrome browser.]]>
  </system-out>
</testsuite> <!-- org.Assertions.TitleURLEx -->
