<?xml version="1.0" encoding="UTF-8"?>
<!-- Generated by org.testng.reporters.JUnitReportReporter -->
<testsuite hostname="DESKTOP-75VEL8U" failures="0" tests="3" name="org.testNGEx2.TasksEx1" time="0.108" errors="0" timestamp="2024-01-08T22:39:12 IST" skipped="0">
  <testcase classname="org.testNGEx2.TasksEx1" name="DeleteTasks" time="0.008"/>
  <system-out/>
  <testcase classname="org.testNGEx2.TasksEx1" name="addTasks" time="0.094"/>
  <system-out/>
  <testcase classname="org.testNGEx2.TasksEx1" name="updateTasks" time="0.006"/>
  <system-out/>
</testsuite> <!-- org.testNGEx2.TasksEx1 -->
