<?xml version="1.0" encoding="UTF-8"?>
<!-- Generated by org.testng.reporters.JUnitReportReporter -->
<testsuite hostname="DESKTOP-75VEL8U" failures="0" tests="2" name="org.testNGEx3.Grouping" time="0.028" errors="0" timestamp="2024-01-09T00:06:04 IST" skipped="0">
  <testcase classname="org.testNGEx3.Grouping" name="CreateCustomer" time="0.021"/>
  <system-out/>
  <testcase classname="org.testNGEx3.Grouping" name="createCustomer" time="0.007"/>
  <system-out/>
</testsuite> <!-- org.testNGEx3.Grouping -->
