<?xml version="1.0" encoding="UTF-8"?>
<!-- Generated by org.testng.reporters.JUnitReportReporter -->
<testsuite hostname="DESKTOP-75VEL8U" failures="0" tests="4" name="org.testNG.Sequence" time="0.055" errors="0" timestamp="2023-12-29T11:52:44 IST" skipped="0">
  <testcase classname="org.testNG.Sequence" name="updateCustomer" time="0.007"/>
  <system-out/>
  <testcase classname="org.testNG.Sequence" name="login" time="0.019"/>
  <system-out/>
  <testcase classname="org.testNG.Sequence" name="createCustomer" time="0.021"/>
  <system-out/>
  <testcase classname="org.testNG.Sequence" name="logout" time="0.008"/>
  <system-out/>
</testsuite> <!-- org.testNG.Sequence -->
