<?xml version="1.0" encoding="UTF-8"?>
<!-- Generated by org.testng.reporters.JUnitReportReporter -->
<testsuite hostname="DESKTOP-75VEL8U" failures="0" tests="3" name="org.testNGEx2.UsersTestCase" time="0.057" errors="0" timestamp="2024-01-08T17:24:05 IST" skipped="0">
  <testcase classname="org.testNGEx2.UsersTestCase" name="updateUsers" time="0.041"/>
  <system-out/>
  <testcase classname="org.testNGEx2.UsersTestCase" name="DeleteUsers" time="0.011"/>
  <system-out/>
  <testcase classname="org.testNGEx2.UsersTestCase" name="addUsers" time="0.005"/>
  <system-out/>
</testsuite> <!-- org.testNGEx2.UsersTestCase -->
