<?xml version="1.0" encoding="UTF-8"?>
<!-- Generated by org.testng.reporters.JUnitReportReporter -->
<testsuite hostname="DESKTOP-75VEL8U" failures="0" tests="3" name="org.testNGEx3.EnabledEx" time="0.027" errors="0" timestamp="2024-01-08T23:49:13 IST" skipped="1">
  <testcase classname="org.testNGEx3.EnabledEx" name="updateUser" time="0.004"/>
  <system-out/>
  <testcase classname="org.testNGEx3.EnabledEx" name="createUser" time="0.023"/>
  <system-out/>
  <testcase classname="org.testNGEx3.EnabledEx" name="deleteUser">
    <skipped/>
  </testcase> <!-- deleteUser -->
  <system-out/>
</testsuite> <!-- org.testNGEx3.EnabledEx -->
