<?xml version="1.0" encoding="UTF-8"?>
<!-- Generated by org.testng.reporters.JUnitReportReporter -->
<testsuite hostname="DESKTOP-75VEL8U" failures="0" tests="2" name="org.testNGEx4.ParaEx2" time="77.418" errors="0" timestamp="2024-01-09T18:04:59 IST" skipped="0">
  <testcase classname="org.testNGEx4.ParaEx2" name="flipkartEx" time="10.664"/>
  <system-out>
    <![CDATA[Launched Chrome browser.]]>
  </system-out>
  <testcase classname="org.testNGEx4.ParaEx2" name="demoQaEx" time="66.754"/>
  <system-out>
    <![CDATA[Launched Chrome browser.]]>
  </system-out>
</testsuite> <!-- org.testNGEx4.ParaEx2 -->
