<?xml version="1.0" encoding="UTF-8"?>
<!-- Generated by org.testng.reporters.JUnitReportReporter -->
<testsuite hostname="DESKTOP-75VEL8U" failures="0" tests="2" name="org.testNG.AnnotationsEx1" time="0.027" errors="0" timestamp="2023-12-30T12:44:17 IST" skipped="0">
  <testcase classname="org.testNG.AnnotationsEx1" name="testMethod2" time="0.009"/>
  <system-out/>
  <testcase classname="org.testNG.AnnotationsEx1" name="testMethod1" time="0.018"/>
  <system-out/>
</testsuite> <!-- org.testNG.AnnotationsEx1 -->
