<?xml version="1.0" encoding="UTF-8"?>
<!-- Generated by org.testng.reporters.JUnitReportReporter -->
<testsuite hostname="DESKTOP-75VEL8U" failures="0" tests="6" name="org.testNG.Priority1" time="0.064" errors="0" timestamp="2023-12-30T12:19:45 IST" skipped="0">
  <testcase classname="org.testNG.Priority1" name="createCustomer" time="0.025"/>
  <system-out/>
  <testcase classname="org.testNG.Priority1" name="updateCustomer" time="0.005"/>
  <system-out/>
  <testcase classname="org.testNG.Priority1" name="CreateCustomer" time="0.012"/>
  <system-out/>
  <testcase classname="org.testNG.Priority1" name="logout" time="0.015"/>
  <system-out/>
  <testcase classname="org.testNG.Priority1" name="login" time="0.003"/>
  <system-out/>
  <testcase classname="org.testNG.Priority1" name="UpdateCustomer" time="0.004"/>
  <system-out/>
</testsuite> <!-- org.testNG.Priority1 -->
