<?xml version="1.0" encoding="UTF-8"?>
<!-- Generated by org.testng.reporters.JUnitReportReporter -->
<testsuite hostname="DESKTOP-75VEL8U" failures="0" tests="3" name="org.testNGEx2.AccountsTestCase" time="0.020" errors="0" timestamp="2024-01-08T17:24:05 IST" skipped="0">
  <testcase classname="org.testNGEx2.AccountsTestCase" name="DeleteAccount" time="0.008"/>
  <system-out/>
  <testcase classname="org.testNGEx2.AccountsTestCase" name="updateAccount" time="0.005"/>
  <system-out/>
  <testcase classname="org.testNGEx2.AccountsTestCase" name="addAccount" time="0.007"/>
  <system-out/>
</testsuite> <!-- org.testNGEx2.AccountsTestCase -->
