<?xml version="1.0" encoding="UTF-8"?>
<!-- Generated by org.testng.reporters.JUnitReportReporter -->
<testsuite hostname="DESKTOP-75VEL8U" failures="0" tests="3" name="org.testNGEx2.AccountsEx2" time="0.009" errors="0" timestamp="2024-01-08T22:39:12 IST" skipped="0">
  <testcase classname="org.testNGEx2.AccountsEx2" name="DeleteAccount" time="0.002"/>
  <system-out/>
  <testcase classname="org.testNGEx2.AccountsEx2" name="addAccount" time="0.005"/>
  <system-out/>
  <testcase classname="org.testNGEx2.AccountsEx2" name="updateAccount" time="0.002"/>
  <system-out/>
</testsuite> <!-- org.testNGEx2.AccountsEx2 -->
