<?xml version="1.0" encoding="UTF-8"?>
<!-- Generated by org.testng.reporters.JUnitReportReporter -->
<testsuite hostname="DESKTOP-75VEL8U" failures="0" tests="2" name="org.testNG.Ex2" time="0.036" errors="0" timestamp="2023-12-29T11:46:36 IST" skipped="0">
  <testcase classname="org.testNG.Ex2" name="testcaseMethod1" time="0.013"/>
  <system-out/>
  <testcase classname="org.testNG.Ex2" name="testMethod3" time="0.023"/>
  <system-out/>
</testsuite> <!-- org.testNG.Ex2 -->
