<?xml version="1.0" encoding="UTF-8"?>
<!-- Generated by org.testng.reporters.JUnitReportReporter -->
<testsuite hostname="DESKTOP-75VEL8U" failures="0" tests="2" name="org.testNGEx4.ParaEx1" time="42.067" errors="0" timestamp="2024-01-09T18:04:59 IST" skipped="0">
  <testcase classname="org.testNGEx4.ParaEx1" name="googleEx" time="10.162"/>
  <system-out>
    <![CDATA[Launched Chrome browser.]]>
  </system-out>
  <testcase classname="org.testNGEx4.ParaEx1" name="FacebookEx" time="31.905"/>
  <system-out>
    <![CDATA[Launched Chrome browser.]]>
  </system-out>
</testsuite> <!-- org.testNGEx4.ParaEx1 -->
