<?xml version="1.0" encoding="UTF-8"?>
<!-- Generated by org.testng.reporters.JUnitReportReporter -->
<testsuite hostname="DESKTOP-75VEL8U" failures="0" tests="3" name="org.testNGEx2.UsersEx2" time="0.016" errors="0" timestamp="2024-01-08T22:39:12 IST" skipped="0">
  <testcase classname="org.testNGEx2.UsersEx2" name="DeleteUser" time="0.010"/>
  <system-out/>
  <testcase classname="org.testNGEx2.UsersEx2" name="addUser" time="0.003"/>
  <system-out/>
  <testcase classname="org.testNGEx2.UsersEx2" name="updateUser" time="0.003"/>
  <system-out/>
</testsuite> <!-- org.testNGEx2.UsersEx2 -->
