<?xml version="1.0" encoding="UTF-8"?>
<!-- Generated by org.testng.reporters.JUnitReportReporter -->
<testsuite hostname="DESKTOP-75VEL8U" failures="0" tests="3" name="org.testNGEx2.TasksTestCase" time="0.015" errors="0" timestamp="2024-01-08T17:24:05 IST" skipped="0">
  <testcase classname="org.testNGEx2.TasksTestCase" name="addTasks" time="0.006"/>
  <system-out/>
  <testcase classname="org.testNGEx2.TasksTestCase" name="DeleteTasks" time="0.002"/>
  <system-out/>
  <testcase classname="org.testNGEx2.TasksTestCase" name="updateTasks" time="0.007"/>
  <system-out/>
</testsuite> <!-- org.testNGEx2.TasksTestCase -->
