<?xml version="1.0" encoding="UTF-8"?>
<!-- Generated by org.testng.reporters.JUnitReportReporter -->
<testsuite hostname="DESKTOP-75VEL8U" failures="0" tests="3" name="org.testNG.WO_Annotations_loginTcs" time="14.013" errors="0" timestamp="2023-12-30T12:36:36 IST" skipped="0">
  <testcase classname="org.testNG.WO_Annotations_loginTcs" name="verifyLoginPageFields" time="7.798"/>
  <system-out/>
  <testcase classname="org.testNG.WO_Annotations_loginTcs" name="verifyLoginURL" time="3.071"/>
  <system-out/>
  <testcase classname="org.testNG.WO_Annotations_loginTcs" name="verifyLoginTitle" time="3.144"/>
  <system-out/>
</testsuite> <!-- org.testNG.WO_Annotations_loginTcs -->
