<?xml version="1.0" encoding="UTF-8"?>
<!-- Generated by org.testng.reporters.JUnitReportReporter -->
<testsuite hostname="DESKTOP-75VEL8U" failures="0" tests="2" name="org.testNG.Ex1" time="0.022" errors="0" timestamp="2023-12-29T11:40:07 IST" skipped="0">
  <testcase classname="org.testNG.Ex1" name="test1" time="0.003"/>
  <system-out/>
  <testcase classname="org.testNG.Ex1" name="f" time="0.019"/>
  <system-out/>
</testsuite> <!-- org.testNG.Ex1 -->
