<?xml version="1.0" encoding="UTF-8"?>
<!-- Generated by org.testng.reporters.JUnitReportReporter -->
<testsuite hostname="DESKTOP-75VEL8U" failures="0" tests="2" name="org.testNGEx4.ParaEx3" time="9.068" errors="0" timestamp="2024-01-08T16:03:00 IST" skipped="0">
  <testcase classname="org.testNGEx4.ParaEx3" name="automationTesting" time="4.534"/>
  <system-out/>
  <testcase classname="org.testNGEx4.ParaEx3" name="automationTesting" time="4.534"/>
  <system-out/>
</testsuite> <!-- org.testNGEx4.ParaEx3 -->
