<?xml version="1.0" encoding="UTF-8"?>
<!-- Generated by org.testng.reporters.JUnitReportReporter -->
<testsuite hostname="DESKTOP-75VEL8U" failures="0" tests="3" name="org.testNGEx2.ReportsEx1" time="0.029" errors="0" timestamp="2024-01-08T22:39:12 IST" skipped="0">
  <testcase classname="org.testNGEx2.ReportsEx1" name="addReport" time="0.010"/>
  <system-out/>
  <testcase classname="org.testNGEx2.ReportsEx1" name="DeleteReport" time="0.016"/>
  <system-out/>
  <testcase classname="org.testNGEx2.ReportsEx1" name="updateReport" time="0.003"/>
  <system-out/>
</testsuite> <!-- org.testNGEx2.ReportsEx1 -->
